BIN/build/app/intermediates/manifest_merge_blame_file/debug/manifest-merger-blame-debug-report.txt
1<?xml version="1.0" encoding="utf-8"?>
2<manifest xmlns:android="http://schemas.android.com/apk/res/android"
3    package="com.fyp_application.firebase"
4    android:versionCode="1"
5    android:versionName="1.0.0" >
6
7    <uses-sdk
8        android:minSdkVersion="21"
9        android:targetSdkVersion="30" />
10    <!--
11         Flutter needs it to communicate with the running application
12         to allow setting breakpoints, to provide hot reload, etc.
13    -->
14    <uses-permission android:name="android.permission.INTERNET" />
14-->src\main\AndroidManifest.xml:5:5-66
14-->src\main\AndroidManifest.xml:5:22-64
15    <uses-permission android:name="android.permission.RECORD_AUDIO" />
15-->src\main\AndroidManifest.xml:3:5-71
15-->src\main\AndroidManifest.xml:3:22-68
16    <uses-permission android:name="android.permission.WRITE_EXTERNAL_STORAGE" />
16-->src\main\AndroidManifest.xml:4:5-81
16-->src\main\AndroidManifest.xml:4:22-78
17    <uses-permission android:name="android.permission.ACCESS_NETWORK_STATE" />
17-->src\main\AndroidManifest.xml:6:5-79
17-->src\main\AndroidManifest.xml:6:22-76
18    <uses-permission android:name="android.permission.WAKE_LOCK" />
18-->[:firebase_analytics] AndroidManifest.xml:9:5-68
18-->[:firebase_analytics] AndroidManifest.xml:9:22-65
19    <uses-permission android:name="android.permission.FOREGROUND_SERVICE" />
19-->[:assets_audio_player] AndroidManifest.xml:7:5-77
19-->[:assets_audio_player] AndroidManifest.xml:7:22-74
20    <uses-permission android:name="android.permission.VIBRATE" />
20-->[:assets_audio_player] AndroidManifest.xml:8:5-66
20-->[:assets_audio_player] AndroidManifest.xml:8:22-63
21    <uses-permission android:name="android.permission.READ_PHONE_STATE" />
22    <uses-permission android:name="android.permission.READ_EXTERNAL_STORAGE" />
23    <uses-permission android:name="com.google.android.gms.permission.AD_ID" />
23-->[com.google.android.gms:play-services-measurement-api:21.0.0] AndroidManifest.xml:25:5-79
23-->[com.google.android.gms:play-services-measurement-api:21.0.0] AndroidManifest.xml:25:22-76
24    <uses-permission android:name="android.permission.BLUETOOTH" />
24-->[com.github.canardoux:flutter_sound_core:9.2.12] AndroidManifest.xml:11:5-68
24-->[com.github.canardoux:flutter_sound_core:9.2.12] AndroidManifest.xml:11:22-65
25    <uses-permission android:name="android.permission.MODIFY_AUDIO_SETTINGS" />
25-->[com.github.canardoux:flutter_sound_core:9.2.12] AndroidManifest.xml:13:5-80
25-->[com.github.canardoux:flutter_sound_core:9.2.12] AndroidManifest.xml:13:22-77
26    <uses-permission android:name="com.google.android.finsky.permission.BIND_GET_INSTALL_REFERRER_SERVICE" />
26-->[com.google.android.gms:play-services-measurement:21.0.0] AndroidManifest.xml:26:5-110
26-->[com.google.android.gms:play-services-measurement:21.0.0] AndroidManifest.xml:26:22-107
27
28    <application
28-->src\main\AndroidManifest.xml:7:4-45:19
29        android:appComponentFactory="androidx.core.app.CoreComponentFactory"
29-->[androidx.core:core:1.6.0] AndroidManifest.xml:24:18-86
30        android:debuggable="true"
31        android:icon="@mipmap/ic_launcher"
31-->src\main\AndroidManifest.xml:9:9-43
32        android:label="fyp_application" >
32-->src\main\AndroidManifest.xml:8:9-40
33        <activity
33-->src\main\AndroidManifest.xml:10:9-39:20
34            android:name="com.fyp_application.firebase.MainActivity"
34-->src\main\AndroidManifest.xml:11:13-41
35            android:configChanges="orientation|keyboardHidden|keyboard|screenSize|smallestScreenSize|locale|layoutDirection|fontScale|screenLayout|density|uiMode"
35-->src\main\AndroidManifest.xml:14:13-163
36            android:hardwareAccelerated="true"
36-->src\main\AndroidManifest.xml:15:13-47
37            android:launchMode="singleTop"
37-->src\main\AndroidManifest.xml:12:13-43
38            android:theme="@style/LaunchTheme"
38-->src\main\AndroidManifest.xml:13:13-47
39            android:windowSoftInputMode="adjustResize" >
39-->src\main\AndroidManifest.xml:16:13-55
40            android:requestLegacyExternalStorage="true">
41            <!--
42                 Specifies an Android theme to apply to this Activity as soon as
43                 the Android process has started. This theme is visible to the user
44                 while the Flutter UI initializes. After that, this theme continues
45                 to determine the Window background behind the Flutter UI.
46            -->
47            <meta-data
47-->src\main\AndroidManifest.xml:22:13-25:17
48                android:name="io.flutter.embedding.android.NormalTheme"
48-->src\main\AndroidManifest.xml:23:15-70
49                android:resource="@style/NormalTheme" />
49-->src\main\AndroidManifest.xml:24:15-52
50            <!--
51                 Displays an Android View that continues showing the launch screen
52                 Drawable until Flutter paints its first frame, then this splash
53                 screen fades out. A splash screen is useful to avoid any visual
54                 gap between the end of Android's launch screen and the painting of
55                 Flutter's first frame.
56            -->
57            <meta-data
57-->src\main\AndroidManifest.xml:31:13-34:17
58                android:name="io.flutter.embedding.android.SplashScreenDrawable"
58-->src\main\AndroidManifest.xml:32:15-79
59                android:resource="@drawable/launch_background" />
59-->src\main\AndroidManifest.xml:33:15-61
60
61            <intent-filter>
61-->src\main\AndroidManifest.xml:35:13-38:29
62                <action android:name="android.intent.action.MAIN" />
62-->src\main\AndroidManifest.xml:36:17-68
62-->src\main\AndroidManifest.xml:36:25-66
63
64                <category android:name="android.intent.category.LAUNCHER" />
64-->src\main\AndroidManifest.xml:37:17-76
64-->src\main\AndroidManifest.xml:37:27-74
65            </intent-filter>
66        </activity>
67        <!--
68             Don't delete the meta-data below.
69             This is used by the Flutter tool to generate GeneratedPluginRegistrant.java
70        -->
71        <meta-data
71-->src\main\AndroidManifest.xml:42:9-44:33
72            android:name="flutterEmbedding"
72-->src\main\AndroidManifest.xml:43:13-44
73            android:value="2" />
73-->src\main\AndroidManifest.xml:44:13-30
74
75        <service
75-->[:firebase_analytics] AndroidManifest.xml:12:9-16:19
76            android:name="com.google.firebase.components.ComponentDiscoveryService"
76-->[:firebase_analytics] AndroidManifest.xml:12:18-89
77            android:directBootAware="true"
77-->[com.google.firebase:firebase-common:20.1.1] AndroidManifest.xml:35:13-43
78            android:exported="false" >
78-->[com.google.firebase:firebase-auth:21.0.4] AndroidManifest.xml:66:13-37
79            <meta-data
79-->[:firebase_analytics] AndroidManifest.xml:13:13-15:85
80                android:name="com.google.firebase.components:io.flutter.plugins.firebase.analytics.FlutterFirebaseAppRegistrar"
80-->[:firebase_analytics] AndroidManifest.xml:14:17-128
81                android:value="com.google.firebase.components.ComponentRegistrar" />
81-->[:firebase_analytics] AndroidManifest.xml:15:17-82
82            <meta-data
82-->[:firebase_auth] AndroidManifest.xml:9:13-11:85
83                android:name="com.google.firebase.components:io.flutter.plugins.firebase.auth.FlutterFirebaseAuthRegistrar"
83-->[:firebase_auth] AndroidManifest.xml:10:17-124
84                android:value="com.google.firebase.components.ComponentRegistrar" />
84-->[:firebase_auth] AndroidManifest.xml:11:17-82
85            <meta-data
85-->[:firebase_database] AndroidManifest.xml:9:13-11:85
86                android:name="com.google.firebase.components:io.flutter.plugins.firebase.database.FlutterFirebaseAppRegistrar"
86-->[:firebase_database] AndroidManifest.xml:10:17-127
87                android:value="com.google.firebase.components.ComponentRegistrar" />
87-->[:firebase_database] AndroidManifest.xml:11:17-82
88            <meta-data
88-->[:cloud_firestore] AndroidManifest.xml:9:13-11:85
89                android:name="com.google.firebase.components:io.flutter.plugins.firebase.firestore.FlutterFirebaseFirestoreRegistrar"
89-->[:cloud_firestore] AndroidManifest.xml:10:17-134
90                android:value="com.google.firebase.components.ComponentRegistrar" />
90-->[:cloud_firestore] AndroidManifest.xml:11:17-82
91            <meta-data
91-->[:firebase_core] AndroidManifest.xml:9:13-11:85
92                android:name="com.google.firebase.components:io.flutter.plugins.firebase.core.FlutterFirebaseCoreRegistrar"
92-->[:firebase_core] AndroidManifest.xml:10:17-124
93                android:value="com.google.firebase.components.ComponentRegistrar" />
93-->[:firebase_core] AndroidManifest.xml:11:17-82
94            <meta-data
94-->[com.google.firebase:firebase-auth:21.0.4] AndroidManifest.xml:67:13-69:85
95                android:name="com.google.firebase.components:com.google.firebase.auth.FirebaseAuthRegistrar"
95-->[com.google.firebase:firebase-auth:21.0.4] AndroidManifest.xml:68:17-109
96                android:value="com.google.firebase.components.ComponentRegistrar" />
96-->[com.google.firebase:firebase-auth:21.0.4] AndroidManifest.xml:69:17-82
97            <meta-data
97-->[com.google.firebase:firebase-firestore:24.1.2] AndroidManifest.xml:20:13-22:85
98                android:name="com.google.firebase.components:com.google.firebase.firestore.FirestoreRegistrar"
98-->[com.google.firebase:firebase-firestore:24.1.2] AndroidManifest.xml:21:17-111
99                android:value="com.google.firebase.components.ComponentRegistrar" />
99-->[com.google.firebase:firebase-firestore:24.1.2] AndroidManifest.xml:22:17-82
100            <meta-data
100-->[com.google.android.gms:play-services-measurement-api:21.0.0] AndroidManifest.xml:31:13-33:85
101                android:name="com.google.firebase.components:com.google.firebase.analytics.connector.internal.AnalyticsConnectorRegistrar"
101-->[com.google.android.gms:play-services-measurement-api:21.0.0] AndroidManifest.xml:32:17-139
102                android:value="com.google.firebase.components.ComponentRegistrar" />
102-->[com.google.android.gms:play-services-measurement-api:21.0.0] AndroidManifest.xml:33:17-82
103            <meta-data
103-->[com.google.firebase:firebase-database:20.0.5] AndroidManifest.xml:32:13-34:85
104                android:name="com.google.firebase.components:com.google.firebase.database.DatabaseRegistrar"
104-->[com.google.firebase:firebase-database:20.0.5] AndroidManifest.xml:33:17-109
105                android:value="com.google.firebase.components.ComponentRegistrar" />
105-->[com.google.firebase:firebase-database:20.0.5] AndroidManifest.xml:34:17-82
106            <meta-data
106-->[com.google.firebase:firebase-installations:17.0.1] AndroidManifest.xml:18:13-20:85
107                android:name="com.google.firebase.components:com.google.firebase.installations.FirebaseInstallationsRegistrar"
107-->[com.google.firebase:firebase-installations:17.0.1] AndroidManifest.xml:19:17-127
108                android:value="com.google.firebase.components.ComponentRegistrar" />
108-->[com.google.firebase:firebase-installations:17.0.1] AndroidManifest.xml:20:17-82
109        </service>
110
111        <receiver
111-->[:assets_audio_player] AndroidManifest.xml:12:9-14:39
112            android:name="com.github.florent37.assets_audio_player.notification.NotificationActionReceiver"
112-->[:assets_audio_player] AndroidManifest.xml:13:13-108
113            android:exported="true" />
113-->[:assets_audio_player] AndroidManifest.xml:14:13-36
114        <receiver
114-->[:assets_audio_player] AndroidManifest.xml:15:9-21:20
115            android:name="com.github.florent37.assets_audio_player.notification.CustomMediaButtonReceiver"
115-->[:assets_audio_player] AndroidManifest.xml:16:13-107
116            android:exported="true" >
116-->[:assets_audio_player] AndroidManifest.xml:17:13-36
117            <intent-filter>
117-->[:assets_audio_player] AndroidManifest.xml:18:13-20:29
118                <action android:name="android.intent.action.MEDIA_BUTTON" />
118-->[:assets_audio_player] AndroidManifest.xml:19:17-77
118-->[:assets_audio_player] AndroidManifest.xml:19:25-74
119            </intent-filter>
120        </receiver>
121
122        <service
122-->[:assets_audio_player] AndroidManifest.xml:23:9-33:19
123            android:name="com.github.florent37.assets_audio_player.notification.NotificationService"
123-->[:assets_audio_player] AndroidManifest.xml:24:13-101
124            android:enabled="true"
124-->[:assets_audio_player] AndroidManifest.xml:25:13-35
125            android:exported="true" >
125-->[:assets_audio_player] AndroidManifest.xml:26:13-36
126
127            <!--
128            <intent-filter>
129                <action android:name="android.intent.action.MEDIA_BUTTON" />
130            </intent-filter>
131            -->
132        </service>
133
134        <uses-library
134-->[androidx.window:window:1.0.0-beta04] AndroidManifest.xml:25:9-27:40
135            android:name="androidx.window.extensions"
135-->[androidx.window:window:1.0.0-beta04] AndroidManifest.xml:26:13-54
136            android:required="false" />
136-->[androidx.window:window:1.0.0-beta04] AndroidManifest.xml:27:13-37
137        <uses-library
137-->[androidx.window:window:1.0.0-beta04] AndroidManifest.xml:28:9-30:40
138            android:name="androidx.window.sidecar"
138-->[androidx.window:window:1.0.0-beta04] AndroidManifest.xml:29:13-51
139            android:required="false" />
139-->[androidx.window:window:1.0.0-beta04] AndroidManifest.xml:30:13-37
140
141        <activity
141-->[com.google.firebase:firebase-auth:21.0.4] AndroidManifest.xml:27:9-44:20
142            android:name="com.google.firebase.auth.internal.GenericIdpActivity"
142-->[com.google.firebase:firebase-auth:21.0.4] AndroidManifest.xml:28:13-80
143            android:excludeFromRecents="true"
143-->[com.google.firebase:firebase-auth:21.0.4] AndroidManifest.xml:29:13-46
144            android:exported="true"
144-->[com.google.firebase:firebase-auth:21.0.4] AndroidManifest.xml:30:13-36
145            android:launchMode="singleTask"
145-->[com.google.firebase:firebase-auth:21.0.4] AndroidManifest.xml:31:13-44
146            android:theme="@android:style/Theme.Translucent.NoTitleBar" >
146-->[com.google.firebase:firebase-auth:21.0.4] AndroidManifest.xml:32:13-72
147            <intent-filter>
147-->[com.google.firebase:firebase-auth:21.0.4] AndroidManifest.xml:33:13-43:29
148                <action android:name="android.intent.action.VIEW" />
148-->[com.google.firebase:firebase-auth:21.0.4] AndroidManifest.xml:34:17-69
148-->[com.google.firebase:firebase-auth:21.0.4] AndroidManifest.xml:34:25-66
149
150                <category android:name="android.intent.category.DEFAULT" />
150-->[com.google.firebase:firebase-auth:21.0.4] AndroidManifest.xml:36:17-76
150-->[com.google.firebase:firebase-auth:21.0.4] AndroidManifest.xml:36:27-73
151                <category android:name="android.intent.category.BROWSABLE" />
151-->[com.google.firebase:firebase-auth:21.0.4] AndroidManifest.xml:37:17-78
151-->[com.google.firebase:firebase-auth:21.0.4] AndroidManifest.xml:37:27-75
152
153                <data
153-->[com.google.firebase:firebase-auth:21.0.4] AndroidManifest.xml:39:17-42:51
154                    android:host="firebase.auth"
154-->[com.google.firebase:firebase-auth:21.0.4] AndroidManifest.xml:40:21-49
155                    android:path="/"
155-->[com.google.firebase:firebase-auth:21.0.4] AndroidManifest.xml:41:21-37
156                    android:scheme="genericidp" />
156-->[com.google.firebase:firebase-auth:21.0.4] AndroidManifest.xml:42:21-48
157            </intent-filter>
158        </activity>
159        <activity
159-->[com.google.firebase:firebase-auth:21.0.4] AndroidManifest.xml:45:9-62:20
160            android:name="com.google.firebase.auth.internal.RecaptchaActivity"
160-->[com.google.firebase:firebase-auth:21.0.4] AndroidManifest.xml:46:13-79
161            android:excludeFromRecents="true"
161-->[com.google.firebase:firebase-auth:21.0.4] AndroidManifest.xml:47:13-46
162            android:exported="true"
162-->[com.google.firebase:firebase-auth:21.0.4] AndroidManifest.xml:48:13-36
163            android:launchMode="singleTask"
163-->[com.google.firebase:firebase-auth:21.0.4] AndroidManifest.xml:49:13-44
164            android:theme="@android:style/Theme.Translucent.NoTitleBar" >
164-->[com.google.firebase:firebase-auth:21.0.4] AndroidManifest.xml:50:13-72
165            <intent-filter>
165-->[com.google.firebase:firebase-auth:21.0.4] AndroidManifest.xml:51:13-61:29
166                <action android:name="android.intent.action.VIEW" />
166-->[com.google.firebase:firebase-auth:21.0.4] AndroidManifest.xml:34:17-69
166-->[com.google.firebase:firebase-auth:21.0.4] AndroidManifest.xml:34:25-66
167
168                <category android:name="android.intent.category.DEFAULT" />
168-->[com.google.firebase:firebase-auth:21.0.4] AndroidManifest.xml:36:17-76
168-->[com.google.firebase:firebase-auth:21.0.4] AndroidManifest.xml:36:27-73
169                <category android:name="android.intent.category.BROWSABLE" />
169-->[com.google.firebase:firebase-auth:21.0.4] AndroidManifest.xml:37:17-78
169-->[com.google.firebase:firebase-auth:21.0.4] AndroidManifest.xml:37:27-75
170
171                <data
171-->[com.google.firebase:firebase-auth:21.0.4] AndroidManifest.xml:39:17-42:51
172                    android:host="firebase.auth"
172-->[com.google.firebase:firebase-auth:21.0.4] AndroidManifest.xml:40:21-49
173                    android:path="/"
173-->[com.google.firebase:firebase-auth:21.0.4] AndroidManifest.xml:41:21-37
174                    android:scheme="recaptcha" />
174-->[com.google.firebase:firebase-auth:21.0.4] AndroidManifest.xml:42:21-48
175            </intent-filter>
176        </activity>
177
178        <provider
178-->[com.google.firebase:firebase-common:20.1.1] AndroidManifest.xml:26:9-31:39
179            android:name="com.google.firebase.provider.FirebaseInitProvider"
179-->[com.google.firebase:firebase-common:20.1.1] AndroidManifest.xml:27:13-77
180            android:authorities="com.fyp_application.firebase.firebaseinitprovider"
180-->[com.google.firebase:firebase-common:20.1.1] AndroidManifest.xml:28:13-72
181            android:directBootAware="true"
181-->[com.google.firebase:firebase-common:20.1.1] AndroidManifest.xml:29:13-43
182            android:exported="false"
182-->[com.google.firebase:firebase-common:20.1.1] AndroidManifest.xml:30:13-37
183            android:initOrder="100" />
183-->[com.google.firebase:firebase-common:20.1.1] AndroidManifest.xml:31:13-36
184
185        <receiver
185-->[com.google.android.gms:play-services-measurement:21.0.0] AndroidManifest.xml:29:9-33:20
186            android:name="com.google.android.gms.measurement.AppMeasurementReceiver"
186-->[com.google.android.gms:play-services-measurement:21.0.0] AndroidManifest.xml:30:13-85
187            android:enabled="true"
187-->[com.google.android.gms:play-services-measurement:21.0.0] AndroidManifest.xml:31:13-35
188            android:exported="false" >
188-->[com.google.android.gms:play-services-measurement:21.0.0] AndroidManifest.xml:32:13-37
189        </receiver>
190
191        <service
191-->[com.google.android.gms:play-services-measurement:21.0.0] AndroidManifest.xml:35:9-38:40
192            android:name="com.google.android.gms.measurement.AppMeasurementService"
192-->[com.google.android.gms:play-services-measurement:21.0.0] AndroidManifest.xml:36:13-84
193            android:enabled="true"
193-->[com.google.android.gms:play-services-measurement:21.0.0] AndroidManifest.xml:37:13-35
194            android:exported="false" />
194-->[com.google.android.gms:play-services-measurement:21.0.0] AndroidManifest.xml:38:13-37
195        <service
195-->[com.google.android.gms:play-services-measurement:21.0.0] AndroidManifest.xml:39:9-43:72
196            android:name="com.google.android.gms.measurement.AppMeasurementJobService"
196-->[com.google.android.gms:play-services-measurement:21.0.0] AndroidManifest.xml:40:13-87
197            android:enabled="true"
197-->[com.google.android.gms:play-services-measurement:21.0.0] AndroidManifest.xml:41:13-35
198            android:exported="false"
198-->[com.google.android.gms:play-services-measurement:21.0.0] AndroidManifest.xml:42:13-37
199            android:permission="android.permission.BIND_JOB_SERVICE" />
199-->[com.google.android.gms:play-services-measurement:21.0.0] AndroidManifest.xml:43:13-69
200
201        <activity
201-->[com.google.android.gms:play-services-base:18.0.1] AndroidManifest.xml:20:9-22:45
202            android:name="com.google.android.gms.common.api.GoogleApiActivity"
202-->[com.google.android.gms:play-services-base:18.0.1] AndroidManifest.xml:20:19-85
203            android:exported="false"
203-->[com.google.android.gms:play-services-base:18.0.1] AndroidManifest.xml:22:19-43
204            android:theme="@android:style/Theme.Translucent.NoTitleBar" />
204-->[com.google.android.gms:play-services-base:18.0.1] AndroidManifest.xml:21:19-78
205
206        <meta-data
206-->[com.google.android.gms:play-services-basement:18.0.0] AndroidManifest.xml:21:9-23:69
207            android:name="com.google.android.gms.version"
207-->[com.google.android.gms:play-services-basement:18.0.0] AndroidManifest.xml:22:13-58
208            android:value="@integer/google_play_services_version" />
208-->[com.google.android.gms:play-services-basement:18.0.0] AndroidManifest.xml:23:13-66
209    </application>
210
211</manifest>